Copyright 1986-2022 Xilinx, Inc. All Rights Reserved. Copyright 2022-2025 Advanced Micro Devices, Inc. All Rights Reserved.
--------------------------------------------------------------------------------------------------------------------------------------------------------------------------------------------
| Tool Version : Vivado v.2025.1 (win64) Build 6140274 Thu May 22 00:12:29 MDT 2025
| Date         : Wed Aug 13 23:22:25 2025
| Host         : DESKTOP-3S5LN80 running 64-bit major release  (build 9200)
| Command      : report_methodology -file qft3_top_pipelined_methodology_drc_routed.rpt -pb qft3_top_pipelined_methodology_drc_routed.pb -rpx qft3_top_pipelined_methodology_drc_routed.rpx
| Design       : qft3_top_pipelined
| Device       : xczu7ev-ffvf1517-1LV-i
| Speed File   : -1LV
| Design State : Fully Routed
--------------------------------------------------------------------------------------------------------------------------------------------------------------------------------------------

Report Methodology

Table of Contents
-----------------
1. REPORT SUMMARY
2. REPORT DETAILS

1. REPORT SUMMARY
-----------------
            Netlist: netlist
          Floorplan: design_1
      Design limits: <entire design considered>
             Max checks: <unlimited>
             Checks found: 200
+---------+----------+------------------+--------+
| Rule    | Severity | Description      | Checks |
+---------+----------+------------------+--------+
| SYNTH-9 | Warning  | Small multiplier | 200    |
+---------+----------+------------------+--------+

2. REPORT DETAILS
-----------------
SYNTH-9#1 Warning
Small multiplier  
Detected multiplier at c20_p0/p_ai_bi_s1_reg[11]_i_1 of size 8x5, it is implemented as LUTs due to its small size. To force the multiplier onto a DSP block, use the USE_DSP48 attribute.
Related violations: <none>

SYNTH-9#2 Warning
Small multiplier  
Detected multiplier at c20_p0/p_ai_bi_s1_reg[9]_i_1 of size 8x5, it is implemented as LUTs due to its small size. To force the multiplier onto a DSP block, use the USE_DSP48 attribute.
Related violations: <none>

SYNTH-9#3 Warning
Small multiplier  
Detected multiplier at c20_p0/p_ar_br_s1_reg[11]_i_1 of size 8x5, it is implemented as LUTs due to its small size. To force the multiplier onto a DSP block, use the USE_DSP48 attribute.
Related violations: <none>

SYNTH-9#4 Warning
Small multiplier  
Detected multiplier at c20_p0/p_ar_br_s1_reg[9]_i_1 of size 8x5, it is implemented as LUTs due to its small size. To force the multiplier onto a DSP block, use the USE_DSP48 attribute.
Related violations: <none>

SYNTH-9#5 Warning
Small multiplier  
Detected multiplier at c20_p1/p_ai_bi_s1_reg[11]_i_1 of size 8x5, it is implemented as LUTs due to its small size. To force the multiplier onto a DSP block, use the USE_DSP48 attribute.
Related violations: <none>

SYNTH-9#6 Warning
Small multiplier  
Detected multiplier at c20_p1/p_ai_bi_s1_reg[9]_i_1 of size 8x5, it is implemented as LUTs due to its small size. To force the multiplier onto a DSP block, use the USE_DSP48 attribute.
Related violations: <none>

SYNTH-9#7 Warning
Small multiplier  
Detected multiplier at c20_p1/p_ar_br_s1_reg[11]_i_1 of size 8x5, it is implemented as LUTs due to its small size. To force the multiplier onto a DSP block, use the USE_DSP48 attribute.
Related violations: <none>

SYNTH-9#8 Warning
Small multiplier  
Detected multiplier at c20_p1/p_ar_br_s1_reg[9]_i_1 of size 8x5, it is implemented as LUTs due to its small size. To force the multiplier onto a DSP block, use the USE_DSP48 attribute.
Related violations: <none>

SYNTH-9#9 Warning
Small multiplier  
Detected multiplier at h_q0_p0/scaled_alpha_i_s3_reg[5]_srl2_h_q2_p3_scaled_alpha_r_s3_reg_c_i_1 of size 9x5, it is implemented as LUTs due to its small size. To force the multiplier onto a DSP block, use the USE_DSP48 attribute.
Related violations: <none>

SYNTH-9#10 Warning
Small multiplier  
Detected multiplier at h_q0_p0/scaled_alpha_i_s3_reg[5]_srl2_h_q2_p3_scaled_alpha_r_s3_reg_c_i_10 of size 9x5, it is implemented as LUTs due to its small size. To force the multiplier onto a DSP block, use the USE_DSP48 attribute.
Related violations: <none>

SYNTH-9#11 Warning
Small multiplier  
Detected multiplier at h_q0_p0/scaled_alpha_i_s3_reg[5]_srl2_h_q2_p3_scaled_alpha_r_s3_reg_c_i_2 of size 9x5, it is implemented as LUTs due to its small size. To force the multiplier onto a DSP block, use the USE_DSP48 attribute.
Related violations: <none>

SYNTH-9#12 Warning
Small multiplier  
Detected multiplier at h_q0_p0/scaled_alpha_i_s3_reg[7]_srl2_h_q2_p3_scaled_alpha_r_s3_reg_c_i_1 of size 9x5, it is implemented as LUTs due to its small size. To force the multiplier onto a DSP block, use the USE_DSP48 attribute.
Related violations: <none>

SYNTH-9#13 Warning
Small multiplier  
Detected multiplier at h_q0_p0/scaled_alpha_r_s3_reg[5]_srl2_h_q2_p3_scaled_alpha_r_s3_reg_c_i_1 of size 9x5, it is implemented as LUTs due to its small size. To force the multiplier onto a DSP block, use the USE_DSP48 attribute.
Related violations: <none>

SYNTH-9#14 Warning
Small multiplier  
Detected multiplier at h_q0_p0/scaled_alpha_r_s3_reg[5]_srl2_h_q2_p3_scaled_alpha_r_s3_reg_c_i_10 of size 9x5, it is implemented as LUTs due to its small size. To force the multiplier onto a DSP block, use the USE_DSP48 attribute.
Related violations: <none>

SYNTH-9#15 Warning
Small multiplier  
Detected multiplier at h_q0_p0/scaled_alpha_r_s3_reg[5]_srl2_h_q2_p3_scaled_alpha_r_s3_reg_c_i_2 of size 9x5, it is implemented as LUTs due to its small size. To force the multiplier onto a DSP block, use the USE_DSP48 attribute.
Related violations: <none>

SYNTH-9#16 Warning
Small multiplier  
Detected multiplier at h_q0_p0/scaled_alpha_r_s3_reg[7]_srl2_h_q2_p3_scaled_alpha_r_s3_reg_c_i_1 of size 9x5, it is implemented as LUTs due to its small size. To force the multiplier onto a DSP block, use the USE_DSP48 attribute.
Related violations: <none>

SYNTH-9#17 Warning
Small multiplier  
Detected multiplier at h_q0_p0/scaled_beta_i_s3_reg[5]_srl2_h_q2_p3_scaled_alpha_r_s3_reg_c_i_1 of size 9x5, it is implemented as LUTs due to its small size. To force the multiplier onto a DSP block, use the USE_DSP48 attribute.
Related violations: <none>

SYNTH-9#18 Warning
Small multiplier  
Detected multiplier at h_q0_p0/scaled_beta_i_s3_reg[5]_srl2_h_q2_p3_scaled_alpha_r_s3_reg_c_i_10 of size 9x5, it is implemented as LUTs due to its small size. To force the multiplier onto a DSP block, use the USE_DSP48 attribute.
Related violations: <none>

SYNTH-9#19 Warning
Small multiplier  
Detected multiplier at h_q0_p0/scaled_beta_i_s3_reg[5]_srl2_h_q2_p3_scaled_alpha_r_s3_reg_c_i_2 of size 9x5, it is implemented as LUTs due to its small size. To force the multiplier onto a DSP block, use the USE_DSP48 attribute.
Related violations: <none>

SYNTH-9#20 Warning
Small multiplier  
Detected multiplier at h_q0_p0/scaled_beta_i_s3_reg[7]_srl2_h_q2_p3_scaled_alpha_r_s3_reg_c_i_1 of size 9x5, it is implemented as LUTs due to its small size. To force the multiplier onto a DSP block, use the USE_DSP48 attribute.
Related violations: <none>

SYNTH-9#21 Warning
Small multiplier  
Detected multiplier at h_q0_p0/scaled_beta_r_s3_reg[5]_srl2_h_q2_p3_scaled_alpha_r_s3_reg_c_i_1 of size 9x5, it is implemented as LUTs due to its small size. To force the multiplier onto a DSP block, use the USE_DSP48 attribute.
Related violations: <none>

SYNTH-9#22 Warning
Small multiplier  
Detected multiplier at h_q0_p0/scaled_beta_r_s3_reg[5]_srl2_h_q2_p3_scaled_alpha_r_s3_reg_c_i_10 of size 9x5, it is implemented as LUTs due to its small size. To force the multiplier onto a DSP block, use the USE_DSP48 attribute.
Related violations: <none>

SYNTH-9#23 Warning
Small multiplier  
Detected multiplier at h_q0_p0/scaled_beta_r_s3_reg[5]_srl2_h_q2_p3_scaled_alpha_r_s3_reg_c_i_2 of size 9x5, it is implemented as LUTs due to its small size. To force the multiplier onto a DSP block, use the USE_DSP48 attribute.
Related violations: <none>

SYNTH-9#24 Warning
Small multiplier  
Detected multiplier at h_q0_p0/scaled_beta_r_s3_reg[7]_srl2_h_q2_p3_scaled_alpha_r_s3_reg_c_i_1 of size 9x5, it is implemented as LUTs due to its small size. To force the multiplier onto a DSP block, use the USE_DSP48 attribute.
Related violations: <none>

SYNTH-9#25 Warning
Small multiplier  
Detected multiplier at h_q0_p1/scaled_alpha_i_s3_reg[5]_srl2_h_q2_p3_scaled_alpha_r_s3_reg_c_i_1 of size 9x5, it is implemented as LUTs due to its small size. To force the multiplier onto a DSP block, use the USE_DSP48 attribute.
Related violations: <none>

SYNTH-9#26 Warning
Small multiplier  
Detected multiplier at h_q0_p1/scaled_alpha_i_s3_reg[5]_srl2_h_q2_p3_scaled_alpha_r_s3_reg_c_i_10 of size 9x5, it is implemented as LUTs due to its small size. To force the multiplier onto a DSP block, use the USE_DSP48 attribute.
Related violations: <none>

SYNTH-9#27 Warning
Small multiplier  
Detected multiplier at h_q0_p1/scaled_alpha_i_s3_reg[5]_srl2_h_q2_p3_scaled_alpha_r_s3_reg_c_i_2 of size 9x5, it is implemented as LUTs due to its small size. To force the multiplier onto a DSP block, use the USE_DSP48 attribute.
Related violations: <none>

SYNTH-9#28 Warning
Small multiplier  
Detected multiplier at h_q0_p1/scaled_alpha_i_s3_reg[7]_srl2_h_q2_p3_scaled_alpha_r_s3_reg_c_i_1 of size 9x5, it is implemented as LUTs due to its small size. To force the multiplier onto a DSP block, use the USE_DSP48 attribute.
Related violations: <none>

SYNTH-9#29 Warning
Small multiplier  
Detected multiplier at h_q0_p1/scaled_alpha_r_s3_reg[5]_srl2_h_q2_p3_scaled_alpha_r_s3_reg_c_i_1 of size 9x5, it is implemented as LUTs due to its small size. To force the multiplier onto a DSP block, use the USE_DSP48 attribute.
Related violations: <none>

SYNTH-9#30 Warning
Small multiplier  
Detected multiplier at h_q0_p1/scaled_alpha_r_s3_reg[5]_srl2_h_q2_p3_scaled_alpha_r_s3_reg_c_i_10 of size 9x5, it is implemented as LUTs due to its small size. To force the multiplier onto a DSP block, use the USE_DSP48 attribute.
Related violations: <none>

SYNTH-9#31 Warning
Small multiplier  
Detected multiplier at h_q0_p1/scaled_alpha_r_s3_reg[5]_srl2_h_q2_p3_scaled_alpha_r_s3_reg_c_i_2 of size 9x5, it is implemented as LUTs due to its small size. To force the multiplier onto a DSP block, use the USE_DSP48 attribute.
Related violations: <none>

SYNTH-9#32 Warning
Small multiplier  
Detected multiplier at h_q0_p1/scaled_alpha_r_s3_reg[7]_srl2_h_q2_p3_scaled_alpha_r_s3_reg_c_i_1 of size 9x5, it is implemented as LUTs due to its small size. To force the multiplier onto a DSP block, use the USE_DSP48 attribute.
Related violations: <none>

SYNTH-9#33 Warning
Small multiplier  
Detected multiplier at h_q0_p1/scaled_beta_i_s3_reg[5]_srl2_h_q2_p3_scaled_alpha_r_s3_reg_c_i_1 of size 9x5, it is implemented as LUTs due to its small size. To force the multiplier onto a DSP block, use the USE_DSP48 attribute.
Related violations: <none>

SYNTH-9#34 Warning
Small multiplier  
Detected multiplier at h_q0_p1/scaled_beta_i_s3_reg[5]_srl2_h_q2_p3_scaled_alpha_r_s3_reg_c_i_10 of size 9x5, it is implemented as LUTs due to its small size. To force the multiplier onto a DSP block, use the USE_DSP48 attribute.
Related violations: <none>

SYNTH-9#35 Warning
Small multiplier  
Detected multiplier at h_q0_p1/scaled_beta_i_s3_reg[5]_srl2_h_q2_p3_scaled_alpha_r_s3_reg_c_i_2 of size 9x5, it is implemented as LUTs due to its small size. To force the multiplier onto a DSP block, use the USE_DSP48 attribute.
Related violations: <none>

SYNTH-9#36 Warning
Small multiplier  
Detected multiplier at h_q0_p1/scaled_beta_i_s3_reg[7]_srl2_h_q2_p3_scaled_alpha_r_s3_reg_c_i_1 of size 9x5, it is implemented as LUTs due to its small size. To force the multiplier onto a DSP block, use the USE_DSP48 attribute.
Related violations: <none>

SYNTH-9#37 Warning
Small multiplier  
Detected multiplier at h_q0_p1/scaled_beta_r_s3_reg[5]_srl2_h_q2_p3_scaled_alpha_r_s3_reg_c_i_1 of size 9x5, it is implemented as LUTs due to its small size. To force the multiplier onto a DSP block, use the USE_DSP48 attribute.
Related violations: <none>

SYNTH-9#38 Warning
Small multiplier  
Detected multiplier at h_q0_p1/scaled_beta_r_s3_reg[5]_srl2_h_q2_p3_scaled_alpha_r_s3_reg_c_i_10 of size 9x5, it is implemented as LUTs due to its small size. To force the multiplier onto a DSP block, use the USE_DSP48 attribute.
Related violations: <none>

SYNTH-9#39 Warning
Small multiplier  
Detected multiplier at h_q0_p1/scaled_beta_r_s3_reg[5]_srl2_h_q2_p3_scaled_alpha_r_s3_reg_c_i_2 of size 9x5, it is implemented as LUTs due to its small size. To force the multiplier onto a DSP block, use the USE_DSP48 attribute.
Related violations: <none>

SYNTH-9#40 Warning
Small multiplier  
Detected multiplier at h_q0_p1/scaled_beta_r_s3_reg[7]_srl2_h_q2_p3_scaled_alpha_r_s3_reg_c_i_1 of size 9x5, it is implemented as LUTs due to its small size. To force the multiplier onto a DSP block, use the USE_DSP48 attribute.
Related violations: <none>

SYNTH-9#41 Warning
Small multiplier  
Detected multiplier at h_q0_p2/scaled_alpha_i_s3_reg[5]_srl2_h_q2_p3_scaled_alpha_r_s3_reg_c_i_1 of size 9x5, it is implemented as LUTs due to its small size. To force the multiplier onto a DSP block, use the USE_DSP48 attribute.
Related violations: <none>

SYNTH-9#42 Warning
Small multiplier  
Detected multiplier at h_q0_p2/scaled_alpha_i_s3_reg[5]_srl2_h_q2_p3_scaled_alpha_r_s3_reg_c_i_10 of size 9x5, it is implemented as LUTs due to its small size. To force the multiplier onto a DSP block, use the USE_DSP48 attribute.
Related violations: <none>

SYNTH-9#43 Warning
Small multiplier  
Detected multiplier at h_q0_p2/scaled_alpha_i_s3_reg[5]_srl2_h_q2_p3_scaled_alpha_r_s3_reg_c_i_2 of size 9x5, it is implemented as LUTs due to its small size. To force the multiplier onto a DSP block, use the USE_DSP48 attribute.
Related violations: <none>

SYNTH-9#44 Warning
Small multiplier  
Detected multiplier at h_q0_p2/scaled_alpha_i_s3_reg[7]_srl2_h_q2_p3_scaled_alpha_r_s3_reg_c_i_1 of size 9x5, it is implemented as LUTs due to its small size. To force the multiplier onto a DSP block, use the USE_DSP48 attribute.
Related violations: <none>

SYNTH-9#45 Warning
Small multiplier  
Detected multiplier at h_q0_p2/scaled_alpha_r_s3_reg[5]_srl2_h_q2_p3_scaled_alpha_r_s3_reg_c_i_1 of size 9x5, it is implemented as LUTs due to its small size. To force the multiplier onto a DSP block, use the USE_DSP48 attribute.
Related violations: <none>

SYNTH-9#46 Warning
Small multiplier  
Detected multiplier at h_q0_p2/scaled_alpha_r_s3_reg[5]_srl2_h_q2_p3_scaled_alpha_r_s3_reg_c_i_10 of size 9x5, it is implemented as LUTs due to its small size. To force the multiplier onto a DSP block, use the USE_DSP48 attribute.
Related violations: <none>

SYNTH-9#47 Warning
Small multiplier  
Detected multiplier at h_q0_p2/scaled_alpha_r_s3_reg[5]_srl2_h_q2_p3_scaled_alpha_r_s3_reg_c_i_2 of size 9x5, it is implemented as LUTs due to its small size. To force the multiplier onto a DSP block, use the USE_DSP48 attribute.
Related violations: <none>

SYNTH-9#48 Warning
Small multiplier  
Detected multiplier at h_q0_p2/scaled_alpha_r_s3_reg[7]_srl2_h_q2_p3_scaled_alpha_r_s3_reg_c_i_1 of size 9x5, it is implemented as LUTs due to its small size. To force the multiplier onto a DSP block, use the USE_DSP48 attribute.
Related violations: <none>

SYNTH-9#49 Warning
Small multiplier  
Detected multiplier at h_q0_p2/scaled_beta_i_s3_reg[5]_srl2_h_q2_p3_scaled_alpha_r_s3_reg_c_i_1 of size 9x5, it is implemented as LUTs due to its small size. To force the multiplier onto a DSP block, use the USE_DSP48 attribute.
Related violations: <none>

SYNTH-9#50 Warning
Small multiplier  
Detected multiplier at h_q0_p2/scaled_beta_i_s3_reg[5]_srl2_h_q2_p3_scaled_alpha_r_s3_reg_c_i_10 of size 9x5, it is implemented as LUTs due to its small size. To force the multiplier onto a DSP block, use the USE_DSP48 attribute.
Related violations: <none>

SYNTH-9#51 Warning
Small multiplier  
Detected multiplier at h_q0_p2/scaled_beta_i_s3_reg[5]_srl2_h_q2_p3_scaled_alpha_r_s3_reg_c_i_2 of size 9x5, it is implemented as LUTs due to its small size. To force the multiplier onto a DSP block, use the USE_DSP48 attribute.
Related violations: <none>

SYNTH-9#52 Warning
Small multiplier  
Detected multiplier at h_q0_p2/scaled_beta_i_s3_reg[7]_srl2_h_q2_p3_scaled_alpha_r_s3_reg_c_i_1 of size 9x5, it is implemented as LUTs due to its small size. To force the multiplier onto a DSP block, use the USE_DSP48 attribute.
Related violations: <none>

SYNTH-9#53 Warning
Small multiplier  
Detected multiplier at h_q0_p2/scaled_beta_r_s3_reg[5]_srl2_h_q2_p3_scaled_alpha_r_s3_reg_c_i_1 of size 9x5, it is implemented as LUTs due to its small size. To force the multiplier onto a DSP block, use the USE_DSP48 attribute.
Related violations: <none>

SYNTH-9#54 Warning
Small multiplier  
Detected multiplier at h_q0_p2/scaled_beta_r_s3_reg[5]_srl2_h_q2_p3_scaled_alpha_r_s3_reg_c_i_10 of size 9x5, it is implemented as LUTs due to its small size. To force the multiplier onto a DSP block, use the USE_DSP48 attribute.
Related violations: <none>

SYNTH-9#55 Warning
Small multiplier  
Detected multiplier at h_q0_p2/scaled_beta_r_s3_reg[5]_srl2_h_q2_p3_scaled_alpha_r_s3_reg_c_i_2 of size 9x5, it is implemented as LUTs due to its small size. To force the multiplier onto a DSP block, use the USE_DSP48 attribute.
Related violations: <none>

SYNTH-9#56 Warning
Small multiplier  
Detected multiplier at h_q0_p2/scaled_beta_r_s3_reg[7]_srl2_h_q2_p3_scaled_alpha_r_s3_reg_c_i_1 of size 9x5, it is implemented as LUTs due to its small size. To force the multiplier onto a DSP block, use the USE_DSP48 attribute.
Related violations: <none>

SYNTH-9#57 Warning
Small multiplier  
Detected multiplier at h_q0_p3/scaled_alpha_i_s3_reg[5]_srl2_h_q2_p3_scaled_alpha_r_s3_reg_c_i_1 of size 9x5, it is implemented as LUTs due to its small size. To force the multiplier onto a DSP block, use the USE_DSP48 attribute.
Related violations: <none>

SYNTH-9#58 Warning
Small multiplier  
Detected multiplier at h_q0_p3/scaled_alpha_i_s3_reg[5]_srl2_h_q2_p3_scaled_alpha_r_s3_reg_c_i_10 of size 9x5, it is implemented as LUTs due to its small size. To force the multiplier onto a DSP block, use the USE_DSP48 attribute.
Related violations: <none>

SYNTH-9#59 Warning
Small multiplier  
Detected multiplier at h_q0_p3/scaled_alpha_i_s3_reg[5]_srl2_h_q2_p3_scaled_alpha_r_s3_reg_c_i_2 of size 9x5, it is implemented as LUTs due to its small size. To force the multiplier onto a DSP block, use the USE_DSP48 attribute.
Related violations: <none>

SYNTH-9#60 Warning
Small multiplier  
Detected multiplier at h_q0_p3/scaled_alpha_i_s3_reg[7]_srl2_h_q2_p3_scaled_alpha_r_s3_reg_c_i_1 of size 9x5, it is implemented as LUTs due to its small size. To force the multiplier onto a DSP block, use the USE_DSP48 attribute.
Related violations: <none>

SYNTH-9#61 Warning
Small multiplier  
Detected multiplier at h_q0_p3/scaled_alpha_r_s3_reg[5]_srl2_h_q2_p3_scaled_alpha_r_s3_reg_c_i_1 of size 9x5, it is implemented as LUTs due to its small size. To force the multiplier onto a DSP block, use the USE_DSP48 attribute.
Related violations: <none>

SYNTH-9#62 Warning
Small multiplier  
Detected multiplier at h_q0_p3/scaled_alpha_r_s3_reg[5]_srl2_h_q2_p3_scaled_alpha_r_s3_reg_c_i_10 of size 9x5, it is implemented as LUTs due to its small size. To force the multiplier onto a DSP block, use the USE_DSP48 attribute.
Related violations: <none>

SYNTH-9#63 Warning
Small multiplier  
Detected multiplier at h_q0_p3/scaled_alpha_r_s3_reg[5]_srl2_h_q2_p3_scaled_alpha_r_s3_reg_c_i_2 of size 9x5, it is implemented as LUTs due to its small size. To force the multiplier onto a DSP block, use the USE_DSP48 attribute.
Related violations: <none>

SYNTH-9#64 Warning
Small multiplier  
Detected multiplier at h_q0_p3/scaled_alpha_r_s3_reg[7]_srl2_h_q2_p3_scaled_alpha_r_s3_reg_c_i_1 of size 9x5, it is implemented as LUTs due to its small size. To force the multiplier onto a DSP block, use the USE_DSP48 attribute.
Related violations: <none>

SYNTH-9#65 Warning
Small multiplier  
Detected multiplier at h_q0_p3/scaled_beta_i_s3_reg[5]_srl2_h_q2_p3_scaled_alpha_r_s3_reg_c_i_1 of size 9x5, it is implemented as LUTs due to its small size. To force the multiplier onto a DSP block, use the USE_DSP48 attribute.
Related violations: <none>

SYNTH-9#66 Warning
Small multiplier  
Detected multiplier at h_q0_p3/scaled_beta_i_s3_reg[5]_srl2_h_q2_p3_scaled_alpha_r_s3_reg_c_i_10 of size 9x5, it is implemented as LUTs due to its small size. To force the multiplier onto a DSP block, use the USE_DSP48 attribute.
Related violations: <none>

SYNTH-9#67 Warning
Small multiplier  
Detected multiplier at h_q0_p3/scaled_beta_i_s3_reg[5]_srl2_h_q2_p3_scaled_alpha_r_s3_reg_c_i_2 of size 9x5, it is implemented as LUTs due to its small size. To force the multiplier onto a DSP block, use the USE_DSP48 attribute.
Related violations: <none>

SYNTH-9#68 Warning
Small multiplier  
Detected multiplier at h_q0_p3/scaled_beta_i_s3_reg[7]_srl2_h_q2_p3_scaled_alpha_r_s3_reg_c_i_1 of size 9x5, it is implemented as LUTs due to its small size. To force the multiplier onto a DSP block, use the USE_DSP48 attribute.
Related violations: <none>

SYNTH-9#69 Warning
Small multiplier  
Detected multiplier at h_q0_p3/scaled_beta_r_s3_reg[5]_srl2_h_q2_p3_scaled_alpha_r_s3_reg_c_i_1 of size 9x5, it is implemented as LUTs due to its small size. To force the multiplier onto a DSP block, use the USE_DSP48 attribute.
Related violations: <none>

SYNTH-9#70 Warning
Small multiplier  
Detected multiplier at h_q0_p3/scaled_beta_r_s3_reg[5]_srl2_h_q2_p3_scaled_alpha_r_s3_reg_c_i_10 of size 9x5, it is implemented as LUTs due to its small size. To force the multiplier onto a DSP block, use the USE_DSP48 attribute.
Related violations: <none>

SYNTH-9#71 Warning
Small multiplier  
Detected multiplier at h_q0_p3/scaled_beta_r_s3_reg[5]_srl2_h_q2_p3_scaled_alpha_r_s3_reg_c_i_2 of size 9x5, it is implemented as LUTs due to its small size. To force the multiplier onto a DSP block, use the USE_DSP48 attribute.
Related violations: <none>

SYNTH-9#72 Warning
Small multiplier  
Detected multiplier at h_q0_p3/scaled_beta_r_s3_reg[7]_srl2_h_q2_p3_scaled_alpha_r_s3_reg_c_i_1 of size 9x5, it is implemented as LUTs due to its small size. To force the multiplier onto a DSP block, use the USE_DSP48 attribute.
Related violations: <none>

SYNTH-9#73 Warning
Small multiplier  
Detected multiplier at h_q1_p0/delayed_s4_s5_i_reg[0][1][5]_srl5_delayed_s1_s2_r_reg_c_0_i_1 of size 9x5, it is implemented as LUTs due to its small size. To force the multiplier onto a DSP block, use the USE_DSP48 attribute.
Related violations: <none>

SYNTH-9#74 Warning
Small multiplier  
Detected multiplier at h_q1_p0/delayed_s4_s5_i_reg[0][1][5]_srl5_delayed_s1_s2_r_reg_c_0_i_10 of size 9x5, it is implemented as LUTs due to its small size. To force the multiplier onto a DSP block, use the USE_DSP48 attribute.
Related violations: <none>

SYNTH-9#75 Warning
Small multiplier  
Detected multiplier at h_q1_p0/delayed_s4_s5_i_reg[0][1][5]_srl5_delayed_s1_s2_r_reg_c_0_i_2 of size 9x5, it is implemented as LUTs due to its small size. To force the multiplier onto a DSP block, use the USE_DSP48 attribute.
Related violations: <none>

SYNTH-9#76 Warning
Small multiplier  
Detected multiplier at h_q1_p0/delayed_s4_s5_i_reg[0][1][7]_srl5_delayed_s1_s2_r_reg_c_0_i_1 of size 9x5, it is implemented as LUTs due to its small size. To force the multiplier onto a DSP block, use the USE_DSP48 attribute.
Related violations: <none>

SYNTH-9#77 Warning
Small multiplier  
Detected multiplier at h_q1_p0/delayed_s4_s5_i_reg[2][1][5]_srl5_delayed_s1_s2_r_reg_c_0_i_1 of size 9x5, it is implemented as LUTs due to its small size. To force the multiplier onto a DSP block, use the USE_DSP48 attribute.
Related violations: <none>

SYNTH-9#78 Warning
Small multiplier  
Detected multiplier at h_q1_p0/delayed_s4_s5_i_reg[2][1][5]_srl5_delayed_s1_s2_r_reg_c_0_i_10 of size 9x5, it is implemented as LUTs due to its small size. To force the multiplier onto a DSP block, use the USE_DSP48 attribute.
Related violations: <none>

SYNTH-9#79 Warning
Small multiplier  
Detected multiplier at h_q1_p0/delayed_s4_s5_i_reg[2][1][5]_srl5_delayed_s1_s2_r_reg_c_0_i_2 of size 9x5, it is implemented as LUTs due to its small size. To force the multiplier onto a DSP block, use the USE_DSP48 attribute.
Related violations: <none>

SYNTH-9#80 Warning
Small multiplier  
Detected multiplier at h_q1_p0/delayed_s4_s5_i_reg[2][1][7]_srl5_delayed_s1_s2_r_reg_c_0_i_1 of size 9x5, it is implemented as LUTs due to its small size. To force the multiplier onto a DSP block, use the USE_DSP48 attribute.
Related violations: <none>

SYNTH-9#81 Warning
Small multiplier  
Detected multiplier at h_q1_p0/delayed_s4_s5_r_reg[0][1][5]_srl5_delayed_s1_s2_r_reg_c_0_i_1 of size 9x5, it is implemented as LUTs due to its small size. To force the multiplier onto a DSP block, use the USE_DSP48 attribute.
Related violations: <none>

SYNTH-9#82 Warning
Small multiplier  
Detected multiplier at h_q1_p0/delayed_s4_s5_r_reg[0][1][5]_srl5_delayed_s1_s2_r_reg_c_0_i_10 of size 9x5, it is implemented as LUTs due to its small size. To force the multiplier onto a DSP block, use the USE_DSP48 attribute.
Related violations: <none>

SYNTH-9#83 Warning
Small multiplier  
Detected multiplier at h_q1_p0/delayed_s4_s5_r_reg[0][1][5]_srl5_delayed_s1_s2_r_reg_c_0_i_2 of size 9x5, it is implemented as LUTs due to its small size. To force the multiplier onto a DSP block, use the USE_DSP48 attribute.
Related violations: <none>

SYNTH-9#84 Warning
Small multiplier  
Detected multiplier at h_q1_p0/delayed_s4_s5_r_reg[0][1][7]_srl5_delayed_s1_s2_r_reg_c_0_i_1 of size 9x5, it is implemented as LUTs due to its small size. To force the multiplier onto a DSP block, use the USE_DSP48 attribute.
Related violations: <none>

SYNTH-9#85 Warning
Small multiplier  
Detected multiplier at h_q1_p0/delayed_s4_s5_r_reg[2][1][5]_srl5_delayed_s1_s2_r_reg_c_0_i_1 of size 9x5, it is implemented as LUTs due to its small size. To force the multiplier onto a DSP block, use the USE_DSP48 attribute.
Related violations: <none>

SYNTH-9#86 Warning
Small multiplier  
Detected multiplier at h_q1_p0/delayed_s4_s5_r_reg[2][1][5]_srl5_delayed_s1_s2_r_reg_c_0_i_10 of size 9x5, it is implemented as LUTs due to its small size. To force the multiplier onto a DSP block, use the USE_DSP48 attribute.
Related violations: <none>

SYNTH-9#87 Warning
Small multiplier  
Detected multiplier at h_q1_p0/delayed_s4_s5_r_reg[2][1][5]_srl5_delayed_s1_s2_r_reg_c_0_i_2 of size 9x5, it is implemented as LUTs due to its small size. To force the multiplier onto a DSP block, use the USE_DSP48 attribute.
Related violations: <none>

SYNTH-9#88 Warning
Small multiplier  
Detected multiplier at h_q1_p0/delayed_s4_s5_r_reg[2][1][7]_srl5_delayed_s1_s2_r_reg_c_0_i_1 of size 9x5, it is implemented as LUTs due to its small size. To force the multiplier onto a DSP block, use the USE_DSP48 attribute.
Related violations: <none>

SYNTH-9#89 Warning
Small multiplier  
Detected multiplier at h_q1_p1/delayed_s4_s5_i_reg[1][1][5]_srl5_delayed_s1_s2_r_reg_c_0_i_1 of size 9x5, it is implemented as LUTs due to its small size. To force the multiplier onto a DSP block, use the USE_DSP48 attribute.
Related violations: <none>

SYNTH-9#90 Warning
Small multiplier  
Detected multiplier at h_q1_p1/delayed_s4_s5_i_reg[1][1][5]_srl5_delayed_s1_s2_r_reg_c_0_i_10 of size 9x5, it is implemented as LUTs due to its small size. To force the multiplier onto a DSP block, use the USE_DSP48 attribute.
Related violations: <none>

SYNTH-9#91 Warning
Small multiplier  
Detected multiplier at h_q1_p1/delayed_s4_s5_i_reg[1][1][5]_srl5_delayed_s1_s2_r_reg_c_0_i_2 of size 9x5, it is implemented as LUTs due to its small size. To force the multiplier onto a DSP block, use the USE_DSP48 attribute.
Related violations: <none>

SYNTH-9#92 Warning
Small multiplier  
Detected multiplier at h_q1_p1/delayed_s4_s5_i_reg[1][1][7]_srl5_delayed_s1_s2_r_reg_c_0_i_1 of size 9x5, it is implemented as LUTs due to its small size. To force the multiplier onto a DSP block, use the USE_DSP48 attribute.
Related violations: <none>

SYNTH-9#93 Warning
Small multiplier  
Detected multiplier at h_q1_p1/delayed_s4_s5_r_reg[1][1][5]_srl5_delayed_s1_s2_r_reg_c_0_i_1 of size 9x5, it is implemented as LUTs due to its small size. To force the multiplier onto a DSP block, use the USE_DSP48 attribute.
Related violations: <none>

SYNTH-9#94 Warning
Small multiplier  
Detected multiplier at h_q1_p1/delayed_s4_s5_r_reg[1][1][5]_srl5_delayed_s1_s2_r_reg_c_0_i_10 of size 9x5, it is implemented as LUTs due to its small size. To force the multiplier onto a DSP block, use the USE_DSP48 attribute.
Related violations: <none>

SYNTH-9#95 Warning
Small multiplier  
Detected multiplier at h_q1_p1/delayed_s4_s5_r_reg[1][1][5]_srl5_delayed_s1_s2_r_reg_c_0_i_2 of size 9x5, it is implemented as LUTs due to its small size. To force the multiplier onto a DSP block, use the USE_DSP48 attribute.
Related violations: <none>

SYNTH-9#96 Warning
Small multiplier  
Detected multiplier at h_q1_p1/delayed_s4_s5_r_reg[1][1][7]_srl5_delayed_s1_s2_r_reg_c_0_i_1 of size 9x5, it is implemented as LUTs due to its small size. To force the multiplier onto a DSP block, use the USE_DSP48 attribute.
Related violations: <none>

SYNTH-9#97 Warning
Small multiplier  
Detected multiplier at h_q1_p1/imag_sum_s2_reg[11]_srl5_delayed_s1_s2_r_reg_c_0_i_1 of size 9x5, it is implemented as LUTs due to its small size. To force the multiplier onto a DSP block, use the USE_DSP48 attribute.
Related violations: <none>

SYNTH-9#98 Warning
Small multiplier  
Detected multiplier at h_q1_p1/imag_sum_s2_reg[9]_srl5_delayed_s1_s2_r_reg_c_0_i_1 of size 9x5, it is implemented as LUTs due to its small size. To force the multiplier onto a DSP block, use the USE_DSP48 attribute.
Related violations: <none>

SYNTH-9#99 Warning
Small multiplier  
Detected multiplier at h_q1_p1/imag_sum_s2_reg[9]_srl5_delayed_s1_s2_r_reg_c_0_i_10 of size 9x5, it is implemented as LUTs due to its small size. To force the multiplier onto a DSP block, use the USE_DSP48 attribute.
Related violations: <none>

SYNTH-9#100 Warning
Small multiplier  
Detected multiplier at h_q1_p1/imag_sum_s2_reg[9]_srl5_delayed_s1_s2_r_reg_c_0_i_2 of size 9x5, it is implemented as LUTs due to its small size. To force the multiplier onto a DSP block, use the USE_DSP48 attribute.
Related violations: <none>

SYNTH-9#101 Warning
Small multiplier  
Detected multiplier at h_q1_p1/scaled_beta_i_s3_reg[5]_srl2_h_q2_p3_scaled_alpha_r_s3_reg_c_i_1 of size 9x5, it is implemented as LUTs due to its small size. To force the multiplier onto a DSP block, use the USE_DSP48 attribute.
Related violations: <none>

SYNTH-9#102 Warning
Small multiplier  
Detected multiplier at h_q1_p1/scaled_beta_i_s3_reg[5]_srl2_h_q2_p3_scaled_alpha_r_s3_reg_c_i_10 of size 9x5, it is implemented as LUTs due to its small size. To force the multiplier onto a DSP block, use the USE_DSP48 attribute.
Related violations: <none>

SYNTH-9#103 Warning
Small multiplier  
Detected multiplier at h_q1_p1/scaled_beta_i_s3_reg[5]_srl2_h_q2_p3_scaled_alpha_r_s3_reg_c_i_2 of size 9x5, it is implemented as LUTs due to its small size. To force the multiplier onto a DSP block, use the USE_DSP48 attribute.
Related violations: <none>

SYNTH-9#104 Warning
Small multiplier  
Detected multiplier at h_q1_p1/scaled_beta_i_s3_reg[7]_srl2_h_q2_p3_scaled_alpha_r_s3_reg_c_i_1 of size 9x5, it is implemented as LUTs due to its small size. To force the multiplier onto a DSP block, use the USE_DSP48 attribute.
Related violations: <none>

SYNTH-9#105 Warning
Small multiplier  
Detected multiplier at h_q1_p2/delayed_s4_s5_i_reg[3][1][5]_srl5_delayed_s1_s2_r_reg_c_0_i_1 of size 9x5, it is implemented as LUTs due to its small size. To force the multiplier onto a DSP block, use the USE_DSP48 attribute.
Related violations: <none>

SYNTH-9#106 Warning
Small multiplier  
Detected multiplier at h_q1_p2/delayed_s4_s5_i_reg[3][1][5]_srl5_delayed_s1_s2_r_reg_c_0_i_10 of size 9x5, it is implemented as LUTs due to its small size. To force the multiplier onto a DSP block, use the USE_DSP48 attribute.
Related violations: <none>

SYNTH-9#107 Warning
Small multiplier  
Detected multiplier at h_q1_p2/delayed_s4_s5_i_reg[3][1][5]_srl5_delayed_s1_s2_r_reg_c_0_i_2 of size 9x5, it is implemented as LUTs due to its small size. To force the multiplier onto a DSP block, use the USE_DSP48 attribute.
Related violations: <none>

SYNTH-9#108 Warning
Small multiplier  
Detected multiplier at h_q1_p2/delayed_s4_s5_i_reg[3][1][7]_srl5_delayed_s1_s2_r_reg_c_0_i_1 of size 9x5, it is implemented as LUTs due to its small size. To force the multiplier onto a DSP block, use the USE_DSP48 attribute.
Related violations: <none>

SYNTH-9#109 Warning
Small multiplier  
Detected multiplier at h_q1_p2/delayed_s4_s5_i_reg[5][1][5]_srl5_delayed_s1_s2_r_reg_c_0_i_1 of size 9x5, it is implemented as LUTs due to its small size. To force the multiplier onto a DSP block, use the USE_DSP48 attribute.
Related violations: <none>

SYNTH-9#110 Warning
Small multiplier  
Detected multiplier at h_q1_p2/delayed_s4_s5_i_reg[5][1][5]_srl5_delayed_s1_s2_r_reg_c_0_i_10 of size 9x5, it is implemented as LUTs due to its small size. To force the multiplier onto a DSP block, use the USE_DSP48 attribute.
Related violations: <none>

SYNTH-9#111 Warning
Small multiplier  
Detected multiplier at h_q1_p2/delayed_s4_s5_i_reg[5][1][5]_srl5_delayed_s1_s2_r_reg_c_0_i_2 of size 9x5, it is implemented as LUTs due to its small size. To force the multiplier onto a DSP block, use the USE_DSP48 attribute.
Related violations: <none>

SYNTH-9#112 Warning
Small multiplier  
Detected multiplier at h_q1_p2/delayed_s4_s5_i_reg[5][1][7]_srl5_delayed_s1_s2_r_reg_c_0_i_1 of size 9x5, it is implemented as LUTs due to its small size. To force the multiplier onto a DSP block, use the USE_DSP48 attribute.
Related violations: <none>

SYNTH-9#113 Warning
Small multiplier  
Detected multiplier at h_q1_p2/delayed_s4_s5_r_reg[3][1][5]_srl5_delayed_s1_s2_r_reg_c_0_i_1 of size 9x5, it is implemented as LUTs due to its small size. To force the multiplier onto a DSP block, use the USE_DSP48 attribute.
Related violations: <none>

SYNTH-9#114 Warning
Small multiplier  
Detected multiplier at h_q1_p2/delayed_s4_s5_r_reg[3][1][5]_srl5_delayed_s1_s2_r_reg_c_0_i_10 of size 9x5, it is implemented as LUTs due to its small size. To force the multiplier onto a DSP block, use the USE_DSP48 attribute.
Related violations: <none>

SYNTH-9#115 Warning
Small multiplier  
Detected multiplier at h_q1_p2/delayed_s4_s5_r_reg[3][1][5]_srl5_delayed_s1_s2_r_reg_c_0_i_2 of size 9x5, it is implemented as LUTs due to its small size. To force the multiplier onto a DSP block, use the USE_DSP48 attribute.
Related violations: <none>

SYNTH-9#116 Warning
Small multiplier  
Detected multiplier at h_q1_p2/delayed_s4_s5_r_reg[3][1][7]_srl5_delayed_s1_s2_r_reg_c_0_i_1 of size 9x5, it is implemented as LUTs due to its small size. To force the multiplier onto a DSP block, use the USE_DSP48 attribute.
Related violations: <none>

SYNTH-9#117 Warning
Small multiplier  
Detected multiplier at h_q1_p2/delayed_s4_s5_r_reg[5][1][5]_srl5_delayed_s1_s2_r_reg_c_0_i_1 of size 9x5, it is implemented as LUTs due to its small size. To force the multiplier onto a DSP block, use the USE_DSP48 attribute.
Related violations: <none>

SYNTH-9#118 Warning
Small multiplier  
Detected multiplier at h_q1_p2/delayed_s4_s5_r_reg[5][1][5]_srl5_delayed_s1_s2_r_reg_c_0_i_10 of size 9x5, it is implemented as LUTs due to its small size. To force the multiplier onto a DSP block, use the USE_DSP48 attribute.
Related violations: <none>

SYNTH-9#119 Warning
Small multiplier  
Detected multiplier at h_q1_p2/delayed_s4_s5_r_reg[5][1][5]_srl5_delayed_s1_s2_r_reg_c_0_i_2 of size 9x5, it is implemented as LUTs due to its small size. To force the multiplier onto a DSP block, use the USE_DSP48 attribute.
Related violations: <none>

SYNTH-9#120 Warning
Small multiplier  
Detected multiplier at h_q1_p2/delayed_s4_s5_r_reg[5][1][7]_srl5_delayed_s1_s2_r_reg_c_0_i_1 of size 9x5, it is implemented as LUTs due to its small size. To force the multiplier onto a DSP block, use the USE_DSP48 attribute.
Related violations: <none>

SYNTH-9#121 Warning
Small multiplier  
Detected multiplier at h_q1_p3/delayed_s4_s5_i_reg[4][1][5]_srl5_delayed_s1_s2_r_reg_c_0_i_1 of size 9x5, it is implemented as LUTs due to its small size. To force the multiplier onto a DSP block, use the USE_DSP48 attribute.
Related violations: <none>

SYNTH-9#122 Warning
Small multiplier  
Detected multiplier at h_q1_p3/delayed_s4_s5_i_reg[4][1][5]_srl5_delayed_s1_s2_r_reg_c_0_i_10 of size 9x5, it is implemented as LUTs due to its small size. To force the multiplier onto a DSP block, use the USE_DSP48 attribute.
Related violations: <none>

SYNTH-9#123 Warning
Small multiplier  
Detected multiplier at h_q1_p3/delayed_s4_s5_i_reg[4][1][5]_srl5_delayed_s1_s2_r_reg_c_0_i_2 of size 9x5, it is implemented as LUTs due to its small size. To force the multiplier onto a DSP block, use the USE_DSP48 attribute.
Related violations: <none>

SYNTH-9#124 Warning
Small multiplier  
Detected multiplier at h_q1_p3/delayed_s4_s5_i_reg[4][1][7]_srl5_delayed_s1_s2_r_reg_c_0_i_1 of size 9x5, it is implemented as LUTs due to its small size. To force the multiplier onto a DSP block, use the USE_DSP48 attribute.
Related violations: <none>

SYNTH-9#125 Warning
Small multiplier  
Detected multiplier at h_q1_p3/delayed_s4_s5_r_reg[4][1][5]_srl5_delayed_s1_s2_r_reg_c_0_i_1 of size 9x5, it is implemented as LUTs due to its small size. To force the multiplier onto a DSP block, use the USE_DSP48 attribute.
Related violations: <none>

SYNTH-9#126 Warning
Small multiplier  
Detected multiplier at h_q1_p3/delayed_s4_s5_r_reg[4][1][5]_srl5_delayed_s1_s2_r_reg_c_0_i_10 of size 9x5, it is implemented as LUTs due to its small size. To force the multiplier onto a DSP block, use the USE_DSP48 attribute.
Related violations: <none>

SYNTH-9#127 Warning
Small multiplier  
Detected multiplier at h_q1_p3/delayed_s4_s5_r_reg[4][1][5]_srl5_delayed_s1_s2_r_reg_c_0_i_2 of size 9x5, it is implemented as LUTs due to its small size. To force the multiplier onto a DSP block, use the USE_DSP48 attribute.
Related violations: <none>

SYNTH-9#128 Warning
Small multiplier  
Detected multiplier at h_q1_p3/delayed_s4_s5_r_reg[4][1][7]_srl5_delayed_s1_s2_r_reg_c_0_i_1 of size 9x5, it is implemented as LUTs due to its small size. To force the multiplier onto a DSP block, use the USE_DSP48 attribute.
Related violations: <none>

SYNTH-9#129 Warning
Small multiplier  
Detected multiplier at h_q1_p3/imag_sum_s2_reg[11]_srl5_delayed_s1_s2_r_reg_c_0_i_1 of size 9x5, it is implemented as LUTs due to its small size. To force the multiplier onto a DSP block, use the USE_DSP48 attribute.
Related violations: <none>

SYNTH-9#130 Warning
Small multiplier  
Detected multiplier at h_q1_p3/imag_sum_s2_reg[9]_srl5_delayed_s1_s2_r_reg_c_0_i_1 of size 9x5, it is implemented as LUTs due to its small size. To force the multiplier onto a DSP block, use the USE_DSP48 attribute.
Related violations: <none>

SYNTH-9#131 Warning
Small multiplier  
Detected multiplier at h_q1_p3/imag_sum_s2_reg[9]_srl5_delayed_s1_s2_r_reg_c_0_i_10 of size 9x5, it is implemented as LUTs due to its small size. To force the multiplier onto a DSP block, use the USE_DSP48 attribute.
Related violations: <none>

SYNTH-9#132 Warning
Small multiplier  
Detected multiplier at h_q1_p3/imag_sum_s2_reg[9]_srl5_delayed_s1_s2_r_reg_c_0_i_2 of size 9x5, it is implemented as LUTs due to its small size. To force the multiplier onto a DSP block, use the USE_DSP48 attribute.
Related violations: <none>

SYNTH-9#133 Warning
Small multiplier  
Detected multiplier at h_q1_p3/scaled_beta_i_s3_reg[5]_srl2_h_q2_p3_scaled_alpha_r_s3_reg_c_i_1 of size 9x5, it is implemented as LUTs due to its small size. To force the multiplier onto a DSP block, use the USE_DSP48 attribute.
Related violations: <none>

SYNTH-9#134 Warning
Small multiplier  
Detected multiplier at h_q1_p3/scaled_beta_i_s3_reg[5]_srl2_h_q2_p3_scaled_alpha_r_s3_reg_c_i_10 of size 9x5, it is implemented as LUTs due to its small size. To force the multiplier onto a DSP block, use the USE_DSP48 attribute.
Related violations: <none>

SYNTH-9#135 Warning
Small multiplier  
Detected multiplier at h_q1_p3/scaled_beta_i_s3_reg[5]_srl2_h_q2_p3_scaled_alpha_r_s3_reg_c_i_2 of size 9x5, it is implemented as LUTs due to its small size. To force the multiplier onto a DSP block, use the USE_DSP48 attribute.
Related violations: <none>

SYNTH-9#136 Warning
Small multiplier  
Detected multiplier at h_q1_p3/scaled_beta_i_s3_reg[7]_srl2_h_q2_p3_scaled_alpha_r_s3_reg_c_i_1 of size 9x5, it is implemented as LUTs due to its small size. To force the multiplier onto a DSP block, use the USE_DSP48 attribute.
Related violations: <none>

SYNTH-9#137 Warning
Small multiplier  
Detected multiplier at h_q2_p0/delayed_s2_s3_i_reg[0][1][5]_srl9_delayed_s2_s3_r_reg_c_3_i_1 of size 9x5, it is implemented as LUTs due to its small size. To force the multiplier onto a DSP block, use the USE_DSP48 attribute.
Related violations: <none>

SYNTH-9#138 Warning
Small multiplier  
Detected multiplier at h_q2_p0/delayed_s2_s3_i_reg[0][1][5]_srl9_delayed_s2_s3_r_reg_c_3_i_10 of size 9x5, it is implemented as LUTs due to its small size. To force the multiplier onto a DSP block, use the USE_DSP48 attribute.
Related violations: <none>

SYNTH-9#139 Warning
Small multiplier  
Detected multiplier at h_q2_p0/delayed_s2_s3_i_reg[0][1][5]_srl9_delayed_s2_s3_r_reg_c_3_i_2 of size 9x5, it is implemented as LUTs due to its small size. To force the multiplier onto a DSP block, use the USE_DSP48 attribute.
Related violations: <none>

SYNTH-9#140 Warning
Small multiplier  
Detected multiplier at h_q2_p0/delayed_s2_s3_i_reg[0][1][7]_srl9_delayed_s2_s3_r_reg_c_3_i_1 of size 9x5, it is implemented as LUTs due to its small size. To force the multiplier onto a DSP block, use the USE_DSP48 attribute.
Related violations: <none>

SYNTH-9#141 Warning
Small multiplier  
Detected multiplier at h_q2_p0/delayed_s2_s3_i_reg[4][1][5]_srl9_delayed_s2_s3_r_reg_c_3_i_1 of size 9x5, it is implemented as LUTs due to its small size. To force the multiplier onto a DSP block, use the USE_DSP48 attribute.
Related violations: <none>

SYNTH-9#142 Warning
Small multiplier  
Detected multiplier at h_q2_p0/delayed_s2_s3_i_reg[4][1][5]_srl9_delayed_s2_s3_r_reg_c_3_i_10 of size 9x5, it is implemented as LUTs due to its small size. To force the multiplier onto a DSP block, use the USE_DSP48 attribute.
Related violations: <none>

SYNTH-9#143 Warning
Small multiplier  
Detected multiplier at h_q2_p0/delayed_s2_s3_i_reg[4][1][5]_srl9_delayed_s2_s3_r_reg_c_3_i_2 of size 9x5, it is implemented as LUTs due to its small size. To force the multiplier onto a DSP block, use the USE_DSP48 attribute.
Related violations: <none>

SYNTH-9#144 Warning
Small multiplier  
Detected multiplier at h_q2_p0/delayed_s2_s3_i_reg[4][1][7]_srl9_delayed_s2_s3_r_reg_c_3_i_1 of size 9x5, it is implemented as LUTs due to its small size. To force the multiplier onto a DSP block, use the USE_DSP48 attribute.
Related violations: <none>

SYNTH-9#145 Warning
Small multiplier  
Detected multiplier at h_q2_p0/delayed_s2_s3_r_reg[0][1][5]_srl9_delayed_s2_s3_r_reg_c_3_i_1 of size 9x5, it is implemented as LUTs due to its small size. To force the multiplier onto a DSP block, use the USE_DSP48 attribute.
Related violations: <none>

SYNTH-9#146 Warning
Small multiplier  
Detected multiplier at h_q2_p0/delayed_s2_s3_r_reg[0][1][5]_srl9_delayed_s2_s3_r_reg_c_3_i_10 of size 9x5, it is implemented as LUTs due to its small size. To force the multiplier onto a DSP block, use the USE_DSP48 attribute.
Related violations: <none>

SYNTH-9#147 Warning
Small multiplier  
Detected multiplier at h_q2_p0/delayed_s2_s3_r_reg[0][1][5]_srl9_delayed_s2_s3_r_reg_c_3_i_2 of size 9x5, it is implemented as LUTs due to its small size. To force the multiplier onto a DSP block, use the USE_DSP48 attribute.
Related violations: <none>

SYNTH-9#148 Warning
Small multiplier  
Detected multiplier at h_q2_p0/delayed_s2_s3_r_reg[0][1][7]_srl9_delayed_s2_s3_r_reg_c_3_i_1 of size 9x5, it is implemented as LUTs due to its small size. To force the multiplier onto a DSP block, use the USE_DSP48 attribute.
Related violations: <none>

SYNTH-9#149 Warning
Small multiplier  
Detected multiplier at h_q2_p0/delayed_s2_s3_r_reg[4][1][5]_srl9_delayed_s2_s3_r_reg_c_3_i_1 of size 9x5, it is implemented as LUTs due to its small size. To force the multiplier onto a DSP block, use the USE_DSP48 attribute.
Related violations: <none>

SYNTH-9#150 Warning
Small multiplier  
Detected multiplier at h_q2_p0/delayed_s2_s3_r_reg[4][1][5]_srl9_delayed_s2_s3_r_reg_c_3_i_10 of size 9x5, it is implemented as LUTs due to its small size. To force the multiplier onto a DSP block, use the USE_DSP48 attribute.
Related violations: <none>

SYNTH-9#151 Warning
Small multiplier  
Detected multiplier at h_q2_p0/delayed_s2_s3_r_reg[4][1][5]_srl9_delayed_s2_s3_r_reg_c_3_i_2 of size 9x5, it is implemented as LUTs due to its small size. To force the multiplier onto a DSP block, use the USE_DSP48 attribute.
Related violations: <none>

SYNTH-9#152 Warning
Small multiplier  
Detected multiplier at h_q2_p0/delayed_s2_s3_r_reg[4][1][7]_srl9_delayed_s2_s3_r_reg_c_3_i_1 of size 9x5, it is implemented as LUTs due to its small size. To force the multiplier onto a DSP block, use the USE_DSP48 attribute.
Related violations: <none>

SYNTH-9#153 Warning
Small multiplier  
Detected multiplier at h_q2_p1/delayed_s1_s2_i_reg[5][1][5]_srl5_delayed_s1_s2_r_reg_c_0_i_1 of size 9x5, it is implemented as LUTs due to its small size. To force the multiplier onto a DSP block, use the USE_DSP48 attribute.
Related violations: <none>

SYNTH-9#154 Warning
Small multiplier  
Detected multiplier at h_q2_p1/delayed_s1_s2_i_reg[5][1][5]_srl5_delayed_s1_s2_r_reg_c_0_i_10 of size 9x5, it is implemented as LUTs due to its small size. To force the multiplier onto a DSP block, use the USE_DSP48 attribute.
Related violations: <none>

SYNTH-9#155 Warning
Small multiplier  
Detected multiplier at h_q2_p1/delayed_s1_s2_i_reg[5][1][5]_srl5_delayed_s1_s2_r_reg_c_0_i_2 of size 9x5, it is implemented as LUTs due to its small size. To force the multiplier onto a DSP block, use the USE_DSP48 attribute.
Related violations: <none>

SYNTH-9#156 Warning
Small multiplier  
Detected multiplier at h_q2_p1/delayed_s1_s2_i_reg[5][1][7]_srl5_delayed_s1_s2_r_reg_c_0_i_1 of size 9x5, it is implemented as LUTs due to its small size. To force the multiplier onto a DSP block, use the USE_DSP48 attribute.
Related violations: <none>

SYNTH-9#157 Warning
Small multiplier  
Detected multiplier at h_q2_p1/delayed_s1_s2_r_reg[5][1][5]_srl5_delayed_s1_s2_r_reg_c_0_i_1 of size 9x5, it is implemented as LUTs due to its small size. To force the multiplier onto a DSP block, use the USE_DSP48 attribute.
Related violations: <none>

SYNTH-9#158 Warning
Small multiplier  
Detected multiplier at h_q2_p1/delayed_s1_s2_r_reg[5][1][5]_srl5_delayed_s1_s2_r_reg_c_0_i_10 of size 9x5, it is implemented as LUTs due to its small size. To force the multiplier onto a DSP block, use the USE_DSP48 attribute.
Related violations: <none>

SYNTH-9#159 Warning
Small multiplier  
Detected multiplier at h_q2_p1/delayed_s1_s2_r_reg[5][1][5]_srl5_delayed_s1_s2_r_reg_c_0_i_2 of size 9x5, it is implemented as LUTs due to its small size. To force the multiplier onto a DSP block, use the USE_DSP48 attribute.
Related violations: <none>

SYNTH-9#160 Warning
Small multiplier  
Detected multiplier at h_q2_p1/delayed_s1_s2_r_reg[5][1][7]_srl5_delayed_s1_s2_r_reg_c_0_i_1 of size 9x5, it is implemented as LUTs due to its small size. To force the multiplier onto a DSP block, use the USE_DSP48 attribute.
Related violations: <none>

SYNTH-9#161 Warning
Small multiplier  
Detected multiplier at h_q2_p1/delayed_s2_s3_i_reg[1][1][5]_srl9_delayed_s2_s3_r_reg_c_3_i_1 of size 9x5, it is implemented as LUTs due to its small size. To force the multiplier onto a DSP block, use the USE_DSP48 attribute.
Related violations: <none>

SYNTH-9#162 Warning
Small multiplier  
Detected multiplier at h_q2_p1/delayed_s2_s3_i_reg[1][1][5]_srl9_delayed_s2_s3_r_reg_c_3_i_10 of size 9x5, it is implemented as LUTs due to its small size. To force the multiplier onto a DSP block, use the USE_DSP48 attribute.
Related violations: <none>

SYNTH-9#163 Warning
Small multiplier  
Detected multiplier at h_q2_p1/delayed_s2_s3_i_reg[1][1][5]_srl9_delayed_s2_s3_r_reg_c_3_i_2 of size 9x5, it is implemented as LUTs due to its small size. To force the multiplier onto a DSP block, use the USE_DSP48 attribute.
Related violations: <none>

SYNTH-9#164 Warning
Small multiplier  
Detected multiplier at h_q2_p1/delayed_s2_s3_i_reg[1][1][7]_srl9_delayed_s2_s3_r_reg_c_3_i_1 of size 9x5, it is implemented as LUTs due to its small size. To force the multiplier onto a DSP block, use the USE_DSP48 attribute.
Related violations: <none>

SYNTH-9#165 Warning
Small multiplier  
Detected multiplier at h_q2_p1/delayed_s2_s3_r_reg[1][1][5]_srl9_delayed_s2_s3_r_reg_c_3_i_1 of size 9x5, it is implemented as LUTs due to its small size. To force the multiplier onto a DSP block, use the USE_DSP48 attribute.
Related violations: <none>

SYNTH-9#166 Warning
Small multiplier  
Detected multiplier at h_q2_p1/delayed_s2_s3_r_reg[1][1][5]_srl9_delayed_s2_s3_r_reg_c_3_i_10 of size 9x5, it is implemented as LUTs due to its small size. To force the multiplier onto a DSP block, use the USE_DSP48 attribute.
Related violations: <none>

SYNTH-9#167 Warning
Small multiplier  
Detected multiplier at h_q2_p1/delayed_s2_s3_r_reg[1][1][5]_srl9_delayed_s2_s3_r_reg_c_3_i_2 of size 9x5, it is implemented as LUTs due to its small size. To force the multiplier onto a DSP block, use the USE_DSP48 attribute.
Related violations: <none>

SYNTH-9#168 Warning
Small multiplier  
Detected multiplier at h_q2_p1/delayed_s2_s3_r_reg[1][1][7]_srl9_delayed_s2_s3_r_reg_c_3_i_1 of size 9x5, it is implemented as LUTs due to its small size. To force the multiplier onto a DSP block, use the USE_DSP48 attribute.
Related violations: <none>

SYNTH-9#169 Warning
Small multiplier  
Detected multiplier at h_q2_p2/delayed_s2_s3_i_reg[2][1][5]_srl9_delayed_s2_s3_r_reg_c_3_i_1 of size 9x5, it is implemented as LUTs due to its small size. To force the multiplier onto a DSP block, use the USE_DSP48 attribute.
Related violations: <none>

SYNTH-9#170 Warning
Small multiplier  
Detected multiplier at h_q2_p2/delayed_s2_s3_i_reg[2][1][5]_srl9_delayed_s2_s3_r_reg_c_3_i_10 of size 9x5, it is implemented as LUTs due to its small size. To force the multiplier onto a DSP block, use the USE_DSP48 attribute.
Related violations: <none>

SYNTH-9#171 Warning
Small multiplier  
Detected multiplier at h_q2_p2/delayed_s2_s3_i_reg[2][1][5]_srl9_delayed_s2_s3_r_reg_c_3_i_2 of size 9x5, it is implemented as LUTs due to its small size. To force the multiplier onto a DSP block, use the USE_DSP48 attribute.
Related violations: <none>

SYNTH-9#172 Warning
Small multiplier  
Detected multiplier at h_q2_p2/delayed_s2_s3_i_reg[2][1][7]_srl9_delayed_s2_s3_r_reg_c_3_i_1 of size 9x5, it is implemented as LUTs due to its small size. To force the multiplier onto a DSP block, use the USE_DSP48 attribute.
Related violations: <none>

SYNTH-9#173 Warning
Small multiplier  
Detected multiplier at h_q2_p2/delayed_s2_s3_i_reg[5][1][5]_srl9_delayed_s2_s3_r_reg_c_3_i_1 of size 9x5, it is implemented as LUTs due to its small size. To force the multiplier onto a DSP block, use the USE_DSP48 attribute.
Related violations: <none>

SYNTH-9#174 Warning
Small multiplier  
Detected multiplier at h_q2_p2/delayed_s2_s3_i_reg[5][1][5]_srl9_delayed_s2_s3_r_reg_c_3_i_10 of size 9x5, it is implemented as LUTs due to its small size. To force the multiplier onto a DSP block, use the USE_DSP48 attribute.
Related violations: <none>

SYNTH-9#175 Warning
Small multiplier  
Detected multiplier at h_q2_p2/delayed_s2_s3_i_reg[5][1][5]_srl9_delayed_s2_s3_r_reg_c_3_i_2 of size 9x5, it is implemented as LUTs due to its small size. To force the multiplier onto a DSP block, use the USE_DSP48 attribute.
Related violations: <none>

SYNTH-9#176 Warning
Small multiplier  
Detected multiplier at h_q2_p2/delayed_s2_s3_i_reg[5][1][7]_srl9_delayed_s2_s3_r_reg_c_3_i_1 of size 9x5, it is implemented as LUTs due to its small size. To force the multiplier onto a DSP block, use the USE_DSP48 attribute.
Related violations: <none>

SYNTH-9#177 Warning
Small multiplier  
Detected multiplier at h_q2_p2/delayed_s2_s3_r_reg[2][1][5]_srl9_delayed_s2_s3_r_reg_c_3_i_1 of size 9x5, it is implemented as LUTs due to its small size. To force the multiplier onto a DSP block, use the USE_DSP48 attribute.
Related violations: <none>

SYNTH-9#178 Warning
Small multiplier  
Detected multiplier at h_q2_p2/delayed_s2_s3_r_reg[2][1][5]_srl9_delayed_s2_s3_r_reg_c_3_i_10 of size 9x5, it is implemented as LUTs due to its small size. To force the multiplier onto a DSP block, use the USE_DSP48 attribute.
Related violations: <none>

SYNTH-9#179 Warning
Small multiplier  
Detected multiplier at h_q2_p2/delayed_s2_s3_r_reg[2][1][5]_srl9_delayed_s2_s3_r_reg_c_3_i_2 of size 9x5, it is implemented as LUTs due to its small size. To force the multiplier onto a DSP block, use the USE_DSP48 attribute.
Related violations: <none>

SYNTH-9#180 Warning
Small multiplier  
Detected multiplier at h_q2_p2/delayed_s2_s3_r_reg[2][1][7]_srl9_delayed_s2_s3_r_reg_c_3_i_1 of size 9x5, it is implemented as LUTs due to its small size. To force the multiplier onto a DSP block, use the USE_DSP48 attribute.
Related violations: <none>

SYNTH-9#181 Warning
Small multiplier  
Detected multiplier at h_q2_p2/scaled_beta_i_s3_reg[5]_srl2_h_q2_p3_scaled_alpha_r_s3_reg_c_i_1 of size 9x5, it is implemented as LUTs due to its small size. To force the multiplier onto a DSP block, use the USE_DSP48 attribute.
Related violations: <none>

SYNTH-9#182 Warning
Small multiplier  
Detected multiplier at h_q2_p2/scaled_beta_i_s3_reg[5]_srl2_h_q2_p3_scaled_alpha_r_s3_reg_c_i_10 of size 9x5, it is implemented as LUTs due to its small size. To force the multiplier onto a DSP block, use the USE_DSP48 attribute.
Related violations: <none>

SYNTH-9#183 Warning
Small multiplier  
Detected multiplier at h_q2_p2/scaled_beta_i_s3_reg[5]_srl2_h_q2_p3_scaled_alpha_r_s3_reg_c_i_2 of size 9x5, it is implemented as LUTs due to its small size. To force the multiplier onto a DSP block, use the USE_DSP48 attribute.
Related violations: <none>

SYNTH-9#184 Warning
Small multiplier  
Detected multiplier at h_q2_p2/scaled_beta_i_s3_reg[7]_srl2_h_q2_p3_scaled_alpha_r_s3_reg_c_i_1 of size 9x5, it is implemented as LUTs due to its small size. To force the multiplier onto a DSP block, use the USE_DSP48 attribute.
Related violations: <none>

SYNTH-9#185 Warning
Small multiplier  
Detected multiplier at h_q2_p3/delayed_s2_s3_i_reg[3][1][5]_srl9_delayed_s2_s3_r_reg_c_3_i_1 of size 9x5, it is implemented as LUTs due to its small size. To force the multiplier onto a DSP block, use the USE_DSP48 attribute.
Related violations: <none>

SYNTH-9#186 Warning
Small multiplier  
Detected multiplier at h_q2_p3/delayed_s2_s3_i_reg[3][1][5]_srl9_delayed_s2_s3_r_reg_c_3_i_10 of size 9x5, it is implemented as LUTs due to its small size. To force the multiplier onto a DSP block, use the USE_DSP48 attribute.
Related violations: <none>

SYNTH-9#187 Warning
Small multiplier  
Detected multiplier at h_q2_p3/delayed_s2_s3_i_reg[3][1][5]_srl9_delayed_s2_s3_r_reg_c_3_i_2 of size 9x5, it is implemented as LUTs due to its small size. To force the multiplier onto a DSP block, use the USE_DSP48 attribute.
Related violations: <none>

SYNTH-9#188 Warning
Small multiplier  
Detected multiplier at h_q2_p3/delayed_s2_s3_i_reg[3][1][7]_srl9_delayed_s2_s3_r_reg_c_3_i_1 of size 9x5, it is implemented as LUTs due to its small size. To force the multiplier onto a DSP block, use the USE_DSP48 attribute.
Related violations: <none>

SYNTH-9#189 Warning
Small multiplier  
Detected multiplier at h_q2_p3/delayed_s2_s3_r_reg[3][1][5]_srl9_delayed_s2_s3_r_reg_c_3_i_1 of size 9x5, it is implemented as LUTs due to its small size. To force the multiplier onto a DSP block, use the USE_DSP48 attribute.
Related violations: <none>

SYNTH-9#190 Warning
Small multiplier  
Detected multiplier at h_q2_p3/delayed_s2_s3_r_reg[3][1][5]_srl9_delayed_s2_s3_r_reg_c_3_i_10 of size 9x5, it is implemented as LUTs due to its small size. To force the multiplier onto a DSP block, use the USE_DSP48 attribute.
Related violations: <none>

SYNTH-9#191 Warning
Small multiplier  
Detected multiplier at h_q2_p3/delayed_s2_s3_r_reg[3][1][5]_srl9_delayed_s2_s3_r_reg_c_3_i_2 of size 9x5, it is implemented as LUTs due to its small size. To force the multiplier onto a DSP block, use the USE_DSP48 attribute.
Related violations: <none>

SYNTH-9#192 Warning
Small multiplier  
Detected multiplier at h_q2_p3/delayed_s2_s3_r_reg[3][1][7]_srl9_delayed_s2_s3_r_reg_c_3_i_1 of size 9x5, it is implemented as LUTs due to its small size. To force the multiplier onto a DSP block, use the USE_DSP48 attribute.
Related violations: <none>

SYNTH-9#193 Warning
Small multiplier  
Detected multiplier at h_q2_p3/imag_sum_s2_reg[11]_srl5_delayed_s1_s2_r_reg_c_0_i_1 of size 9x5, it is implemented as LUTs due to its small size. To force the multiplier onto a DSP block, use the USE_DSP48 attribute.
Related violations: <none>

SYNTH-9#194 Warning
Small multiplier  
Detected multiplier at h_q2_p3/imag_sum_s2_reg[9]_srl5_delayed_s1_s2_r_reg_c_0_i_1 of size 9x5, it is implemented as LUTs due to its small size. To force the multiplier onto a DSP block, use the USE_DSP48 attribute.
Related violations: <none>

SYNTH-9#195 Warning
Small multiplier  
Detected multiplier at h_q2_p3/imag_sum_s2_reg[9]_srl5_delayed_s1_s2_r_reg_c_0_i_10 of size 9x5, it is implemented as LUTs due to its small size. To force the multiplier onto a DSP block, use the USE_DSP48 attribute.
Related violations: <none>

SYNTH-9#196 Warning
Small multiplier  
Detected multiplier at h_q2_p3/imag_sum_s2_reg[9]_srl5_delayed_s1_s2_r_reg_c_0_i_2 of size 9x5, it is implemented as LUTs due to its small size. To force the multiplier onto a DSP block, use the USE_DSP48 attribute.
Related violations: <none>

SYNTH-9#197 Warning
Small multiplier  
Detected multiplier at h_q2_p3/scaled_beta_i_s3_reg[5]_srl2_h_q2_p3_scaled_alpha_r_s3_reg_c_i_1 of size 9x5, it is implemented as LUTs due to its small size. To force the multiplier onto a DSP block, use the USE_DSP48 attribute.
Related violations: <none>

SYNTH-9#198 Warning
Small multiplier  
Detected multiplier at h_q2_p3/scaled_beta_i_s3_reg[5]_srl2_h_q2_p3_scaled_alpha_r_s3_reg_c_i_10 of size 9x5, it is implemented as LUTs due to its small size. To force the multiplier onto a DSP block, use the USE_DSP48 attribute.
Related violations: <none>

SYNTH-9#199 Warning
Small multiplier  
Detected multiplier at h_q2_p3/scaled_beta_i_s3_reg[5]_srl2_h_q2_p3_scaled_alpha_r_s3_reg_c_i_2 of size 9x5, it is implemented as LUTs due to its small size. To force the multiplier onto a DSP block, use the USE_DSP48 attribute.
Related violations: <none>

SYNTH-9#200 Warning
Small multiplier  
Detected multiplier at h_q2_p3/scaled_beta_i_s3_reg[7]_srl2_h_q2_p3_scaled_alpha_r_s3_reg_c_i_1 of size 9x5, it is implemented as LUTs due to its small size. To force the multiplier onto a DSP block, use the USE_DSP48 attribute.
Related violations: <none>


