Copyright 1986-2022 Xilinx, Inc. All Rights Reserved. Copyright 2022-2025 Advanced Micro Devices, Inc. All Rights Reserved.
--------------------------------------------------------------------------------------------------------------------------------------------------------------------------------------------
| Tool Version : Vivado v.2025.1 (win64) Build 6140274 Thu May 22 00:12:29 MDT 2025
| Date         : Thu Aug 14 16:39:48 2025
| Host         : DESKTOP-3S5LN80 running 64-bit major release  (build 9200)
| Command      : report_methodology -file qft3_top_pipelined_methodology_drc_routed.rpt -pb qft3_top_pipelined_methodology_drc_routed.pb -rpx qft3_top_pipelined_methodology_drc_routed.rpx
| Design       : qft3_top_pipelined
| Device       : xczu7eg-ffvf1517-1LV-i
| Speed File   : -1LV
| Design State : Fully Routed
--------------------------------------------------------------------------------------------------------------------------------------------------------------------------------------------

Report Methodology

Table of Contents
-----------------
1. REPORT SUMMARY
2. REPORT DETAILS

1. REPORT SUMMARY
-----------------
            Netlist: netlist
          Floorplan: design_1
      Design limits: <entire design considered>
             Max checks: <unlimited>
             Checks found: 0
+------+----------+-------------+--------+
| Rule | Severity | Description | Checks |
+------+----------+-------------+--------+
+------+----------+-------------+--------+

2. REPORT DETAILS
-----------------

